1662025555881	geckodriver	INFO	Listening on 127.0.0.1:51989
1662025573204	geckodriver	INFO	Listening on 127.0.0.1:52000
1662025661974	geckodriver	INFO	Listening on 127.0.0.1:52015
1662025665001	mozrunner::runner	INFO	Running command: "C:\\Program Files\\Mozilla Firefox\\firefox.exe" "--marionette" "--remote-debugging-port" "52016" "--remote-allow-hosts" "localhost" "-no-remote" "-profile" "C:\\Users\\AQ\\AppData\\Local\\Temp\\rust_mozprofileC3pnh9"
1662025686820	geckodriver	INFO	Listening on 127.0.0.1:52123
1662025689867	mozrunner::runner	INFO	Running command: "C:\\Program Files\\Mozilla Firefox\\firefox.exe" "--marionette" "--remote-debugging-port" "52124" "--remote-allow-hosts" "localhost" "-no-remote" "-profile" "C:\\Users\\AQ\\AppData\\Local\\Temp\\rust_mozprofileUMKA2j"
1662025690304	Marionette	INFO	Marionette enabled
1662025690308	Marionette	INFO	Listening on port 52133
WebDriver BiDi listening on ws://localhost:52124
Read port: 52133
1662025690410	RemoteAgent	WARN	TLS certificate errors will be ignored for this session
console.warn: SearchSettings: "get: No settings file exists, new profile?" (new NotFoundError("Could not open the file at C:\\Users\\AQ\\AppData\\Local\\Temp\\rust_mozprofileUMKA2j\\search.json.mozlz4", (void 0)))
DevTools listening on ws://localhost:52124/devtools/browser/1fd7a5b8-9b47-40a2-af10-161403528e38
console.error: Region.jsm: "Error fetching region" (new Error("TIMEOUT", "resource://gre/modules/Region.jsm", 768))
console.error: Region.jsm: "Failed to fetch region" (new Error("TIMEOUT", "resource://gre/modules/Region.jsm", 420))
1662025895431	Marionette	INFO	Stopped listening on port 52133
console.warn: TopSitesFeed: Failed to fetch data from Contile server: NetworkError when attempting to fetch resource.
1662025903752	geckodriver	INFO	Listening on 127.0.0.1:52363
1662025906788	mozrunner::runner	INFO	Running command: "C:\\Program Files\\Mozilla Firefox\\firefox.exe" "--marionette" "--remote-debugging-port" "52364" "--remote-allow-hosts" "localhost" "-no-remote" "-profile" "C:\\Users\\AQ\\AppData\\Local\\Temp\\rust_mozprofileR3qrOS"
1662025907628	Marionette	INFO	Marionette enabled
1662025907631	Marionette	INFO	Listening on port 52373
WebDriver BiDi listening on ws://localhost:52364
Read port: 52373
1662025907728	RemoteAgent	WARN	TLS certificate errors will be ignored for this session
console.warn: SearchSettings: "get: No settings file exists, new profile?" (new NotFoundError("Could not open the file at C:\\Users\\AQ\\AppData\\Local\\Temp\\rust_mozprofileR3qrOS\\search.json.mozlz4", (void 0)))
DevTools listening on ws://localhost:52364/devtools/browser/18c6c76e-1cbb-4708-92dc-1b8608d614af
1662025946678	Marionette	INFO	Stopped listening on port 52373
console.warn: TopSitesFeed: Failed to fetch data from Contile server: NetworkError when attempting to fetch resource.
1662025961132	geckodriver	INFO	Listening on 127.0.0.1:52548
1662025964163	mozrunner::runner	INFO	Running command: "C:\\Program Files\\Mozilla Firefox\\firefox.exe" "--marionette" "--remote-debugging-port" "52549" "--remote-allow-hosts" "localhost" "-no-remote" "-profile" "C:\\Users\\AQ\\AppData\\Local\\Temp\\rust_mozprofileeSnocl"
1662025964682	Marionette	INFO	Marionette enabled
1662025964687	Marionette	INFO	Listening on port 52558
WebDriver BiDi listening on ws://localhost:52549
Read port: 52558
1662025964797	RemoteAgent	WARN	TLS certificate errors will be ignored for this session
console.warn: SearchSettings: "get: No settings file exists, new profile?" (new NotFoundError("Could not open the file at C:\\Users\\AQ\\AppData\\Local\\Temp\\rust_mozprofileeSnocl\\search.json.mozlz4", (void 0)))
DevTools listening on ws://localhost:52549/devtools/browser/702d07f0-30b8-4509-b5f6-02e86d4ffe95
JavaScript warning: https://pagead2.googlesyndication.com/bg/X5Wcp9Ugq7sZToVDu26YRTjm5OYazRuFrO0o8wz5lEo.js line 2 > eval line 6137 > eval line 1 > eval line 1 > eval, line 1: WEBGL_debug_renderer_info is deprecated in Firefox and will be removed. Please use RENDERER.
JavaScript warning: https://pagead2.googlesyndication.com/bg/X5Wcp9Ugq7sZToVDu26YRTjm5OYazRuFrO0o8wz5lEo.js line 2 > eval line 2304 > eval line 1 > eval line 1 > eval, line 1: WEBGL_debug_renderer_info is deprecated in Firefox and will be removed. Please use RENDERER.
1662026205829	Marionette	INFO	Stopped listening on port 52558
JavaScript error: , line 0: TypeError: NetworkError when attempting to fetch resource.
console.warn: TopSitesFeed: Failed to fetch data from Contile server: NetworkError when attempting to fetch resource.
